yacc: w - the symbol type_specifier is undefined
yacc: w - the symbol AUTO is undefined
yacc: w - the symbol REGISTER is undefined
yacc: w - the symbol STATIC is undefined
yacc: w - the symbol EXTERN is undefined
yacc: w - the symbol TYPEDEF is undefined
yacc: w - the symbol type is undefined
yacc: w - the symbol void is undefined
yacc: w - the symbol char is undefined
yacc: w - the symbol short is undefined
yacc: w - the symbol int is undefined
yacc: w - the symbol long is undefined
yacc: w - the symbol float is undefined
yacc: w - the symbol double is undefined
yacc: w - the symbol signed is undefined
yacc: w - the symbol unsigned is undefined
yacc: w - the symbol typedef_name194 is undefined
yacc: w - the symbol CONST is undefined
yacc: w - the symbol VOLATILE is undefined
yacc: w - the symbol STRUCT is undefined
yacc: w - the symbol UNION is undefined
yacc: w - the symbol struct is undefined
yacc: w - the symbol enum is undefined
yacc: w - the symbol CASE is undefined
yacc: w - the symbol DEFAULT is undefined
yacc: w - the symbol IF is undefined
yacc: w - the symbol else is undefined
yacc: w - the symbol SWITCH is undefined
yacc: w - the symbol WHILE is undefined
yacc: w - the symbol DO is undefined
yacc: w - the symbol FOR is undefined
yacc: w - the symbol GOTO is undefined
yacc: w - the symbol CONTINUE is undefined
yacc: w - the symbol BREAK is undefined
yacc: w - the symbol RETURN is undefined
yacc: w - the symbol primary_expression is undefined
yacc: w - the symbol assignment_expression_list is undefined
yacc: 91 rules never reduced
yacc: 108 shift/reduce conflicts, 65 reduce/reduce conflicts.
y.tab.c:80:15: error: expected identifier or ‘(’ before numeric constant
 #define short 273
               ^
y.tab.c:109:9: note: in expansion of macro ‘short’
 typedef short YYINT;
         ^
y.tab.c:110:14: error: unknown type name ‘YYINT’
 static const YYINT yylhs[] = {                           -1,
              ^
y.tab.c:134:14: error: unknown type name ‘YYINT’
 static const YYINT yylen[] = {                            2,
              ^
y.tab.c:158:14: error: unknown type name ‘YYINT’
 static const YYINT yydefred[] = {                         0,
              ^
y.tab.c:182:14: error: unknown type name ‘YYINT’
 static const YYINT yydgoto[] = {                         14,
              ^
y.tab.c:191:14: error: unknown type name ‘YYINT’
 static const YYINT yysindex[] = {                       -27,
              ^
y.tab.c:215:14: error: unknown type name ‘YYINT’
 static const YYINT yyrindex[] = {                         0,
              ^
y.tab.c:239:14: error: unknown type name ‘YYINT’
 static const YYINT yygindex[] = {                         0,
              ^
y.tab.c:249:14: error: unknown type name ‘YYINT’
 static const YYINT yytable[] = {                         10,
              ^
y.tab.c:333:14: error: unknown type name ‘YYINT’
 static const YYINT yycheck[] = {                         33,
              ^
y.tab.c:81:13: error: expected identifier or ‘(’ before numeric constant
 #define int 274
             ^
y.tab.c:669:1: note: in expansion of macro ‘int’
 int      yydebug;
 ^
y.tab.c:81:13: error: expected identifier or ‘(’ before numeric constant
 #define int 274
             ^
y.tab.c:670:1: note: in expansion of macro ‘int’
 int      yynerrs;
 ^
y.tab.c:81:13: error: expected identifier or ‘(’ before numeric constant
 #define int 274
             ^
y.tab.c:672:1: note: in expansion of macro ‘int’
 int      yyerrflag;
 ^
y.tab.c:81:13: error: expected identifier or ‘(’ before numeric constant
 #define int 274
             ^
y.tab.c:673:1: note: in expansion of macro ‘int’
 int      yychar;
 ^
y.tab.c:79:14: error: expected identifier or ‘(’ before numeric constant
 #define char 272
              ^
syntaxc.y:5:17: note: in expansion of macro ‘char’
 #define YYSTYPE char*
                 ^
y.tab.c:674:1: note: in expansion of macro ‘YYSTYPE’
 YYSTYPE  yyval;
 ^
y.tab.c:79:14: error: expected identifier or ‘(’ before numeric constant
 #define char 272
              ^
syntaxc.y:5:17: note: in expansion of macro ‘char’
 #define YYSTYPE char*
                 ^
y.tab.c:675:1: note: in expansion of macro ‘YYSTYPE’
 YYSTYPE  yylval;
 ^
y.tab.c:92:16: error: expected identifier or ‘(’ before numeric constant
 #define struct 285
                ^
y.tab.c:692:9: note: in expansion of macro ‘struct’
 typedef struct {
         ^
y.tab.c:699:3: warning: data definition has no type or storage class
 } YYSTACKDATA;
   ^
y.tab.c:699:3: warning: type defaults to ‘int’ in declaration of ‘YYSTACKDATA’ [-Wimplicit-int]
y.tab.c:701:20: error: expected ‘=’, ‘,’, ‘;’, ‘asm’ or ‘__attribute__’ before ‘yystack’
 static YYSTACKDATA yystack;
                    ^
y.tab.c:81:13: error: expected identifier or ‘(’ before numeric constant
 #define int 274
             ^
syntaxc.y:396:1: note: in expansion of macro ‘int’
 int yyerror(char *s) {
 ^
y.tab.c:81:13: error: expected identifier or ‘(’ before numeric constant
 #define int 274
             ^
syntaxc.y:400:1: note: in expansion of macro ‘int’
 int main(){
 ^
y.tab.c:81:13: error: expected identifier or ‘(’ before numeric constant
 #define int 274
             ^
y.tab.c:93:14: error: expected identifier or ‘(’ before numeric constant
 #define enum 286
              ^
y.tab.c:86:18: error: expected identifier or ‘(’ before numeric constant
 #define unsigned 279
                  ^
y.tab.c:81:13: error: expected specifier-qualifier-list before numeric constant
 #define int 274
             ^
y.tab.c:81:13: error: expected specifier-qualifier-list before numeric constant
 #define int 274
             ^
y.tab.c:92:16: error: expected identifier or ‘(’ before numeric constant
 #define struct 285
                ^
y.tab.c:92:16: error: expected identifier or ‘(’ before numeric constant
 #define struct 285
                ^
y.tab.c:92:16: error: expected identifier or ‘(’ before numeric constant
 #define struct 285
                ^
y.tab.c:78:14: error: expected declaration specifiers or ‘...’ before numeric constant
 #define void 271
              ^
y.tab.c:84:16: error: expected identifier or ‘(’ before numeric constant
 #define double 277
                ^
y.tab.c:81:13: error: expected identifier or ‘(’ before numeric constant
 #define int 274
             ^
y.tab.c:82:14: error: expected identifier or ‘(’ before numeric constant
 #define long 275
              ^
y.tab.c:82:14: error: expected identifier or ‘(’ before numeric constant
 #define long 275
              ^
y.tab.c:84:16: error: expected identifier or ‘(’ before numeric constant
 #define double 277
                ^
y.tab.c:83:15: error: expected identifier or ‘(’ before numeric constant
 #define float 276
               ^
y.tab.c:82:14: error: expected identifier or ‘(’ before numeric constant
 #define long 275
              ^
y.tab.c:82:14: error: expected identifier or ‘(’ before numeric constant
 #define long 275
              ^
y.tab.c:86:18: error: expected identifier or ‘(’ before numeric constant
 #define unsigned 279
                  ^
y.tab.c:82:14: error: expected identifier or ‘(’ before numeric constant
 #define long 275
              ^
y.tab.c:86:18: error: expected identifier or ‘(’ before numeric constant
 #define unsigned 279
                  ^
y.tab.c:82:14: error: expected identifier or ‘(’ before numeric constant
 #define long 275
              ^
y.tab.c:86:18: error: expected identifier or ‘(’ before numeric constant
 #define unsigned 279
                  ^
y.tab.c:79:14: error: expected identifier or ‘(’ before numeric constant
 #define char 272
              ^
y.tab.c:82:14: error: expected identifier or ‘(’ before numeric constant
 #define long 275
              ^
y.tab.c:86:18: error: expected identifier or ‘(’ before numeric constant
 #define unsigned 279
                  ^
y.tab.c:86:18: error: expected identifier or ‘(’ before numeric constant
 #define unsigned 279
                  ^
y.tab.c:86:18: error: expected identifier or ‘(’ before numeric constant
 #define unsigned 279
                  ^
y.tab.c:81:13: error: expected identifier or ‘(’ before numeric constant
 #define int 274
             ^
y.tab.c:81:13: error: expected identifier or ‘(’ before numeric constant
 #define int 274
             ^
y.tab.c:81:13: error: expected identifier or ‘(’ before numeric constant
 #define int 274
             ^
y.tab.c:81:13: error: expected identifier or ‘(’ before numeric constant
 #define int 274
             ^
y.tab.c:86:18: error: expected identifier or ‘(’ before numeric constant
 #define unsigned 279
                  ^
y.tab.c:86:18: error: expected identifier or ‘(’ before numeric constant
 #define unsigned 279
                  ^
y.tab.c:86:18: error: expected identifier or ‘(’ before numeric constant
 #define unsigned 279
                  ^
y.tab.c:86:18: error: expected identifier or ‘(’ before numeric constant
 #define unsigned 279
                  ^
y.tab.c:81:13: error: expected identifier or ‘(’ before numeric constant
 #define int 274
             ^
y.tab.c:81:13: error: expected identifier or ‘(’ before numeric constant
 #define int 274
             ^
y.tab.c:92:16: error: expected identifier or ‘(’ before numeric constant
 #define struct 285
                ^
In file included from /usr/include/x86_64-linux-gnu/sys/types.h:219:0,
                 from /usr/include/stdlib.h:314,
                 from y.tab.c:724:
/usr/include/x86_64-linux-gnu/sys/select.h:37:20: error: expected ‘=’, ‘,’, ‘;’, ‘asm’ or ‘__attribute__’ before ‘sigset_t’
 typedef __sigset_t sigset_t;
                    ^
y.tab.c:92:16: error: expected identifier or ‘(’ before numeric constant
 #define struct 285
                ^
y.tab.c:92:16: error: expected identifier or ‘(’ before numeric constant
 #define struct 285
                ^
y.tab.c:82:14: error: expected identifier or ‘(’ before numeric constant
 #define long 275
              ^
y.tab.c:92:16: error: expected identifier or ‘(’ before numeric constant
 #define struct 285
                ^
In file included from /usr/include/x86_64-linux-gnu/sys/types.h:219:0,
                 from /usr/include/stdlib.h:314,
                 from y.tab.c:724:
/usr/include/x86_64-linux-gnu/sys/select.h:82:9: error: unknown type name ‘__fd_mask’
 typedef __fd_mask fd_mask;
         ^
y.tab.c:81:13: error: expected identifier or ‘(’ before numeric constant
 #define int 274
             ^
y.tab.c:81:13: error: expected identifier or ‘(’ before numeric constant
 #define int 274
             ^
y.tab.c:86:18: error: expected identifier or ‘(’ before numeric constant
 #define unsigned 279
                  ^
y.tab.c:86:18: error: expected identifier or ‘(’ before numeric constant
 #define unsigned 279
                  ^
y.tab.c:86:18: error: expected identifier or ‘(’ before numeric constant
 #define unsigned 279
                  ^
y.tab.c:86:18: error: expected identifier or ‘(’ before numeric constant
 #define unsigned 279
                  ^
y.tab.c:79:14: error: expected specifier-qualifier-list before numeric constant
 #define char 272
              ^
y.tab.c:92:16: error: expected identifier or ‘(’ before numeric constant
 #define struct 285
                ^
y.tab.c:92:16: error: expected specifier-qualifier-list before numeric constant
 #define struct 285
                ^
y.tab.c:79:14: error: expected specifier-qualifier-list before numeric constant
 #define char 272
              ^
y.tab.c:92:16: error: expected specifier-qualifier-list before numeric constant
 #define struct 285
                ^
y.tab.c:79:14: error: expected specifier-qualifier-list before numeric constant
 #define char 272
              ^
y.tab.c:86:18: error: expected identifier or ‘(’ before numeric constant
 #define unsigned 279
                  ^
y.tab.c:81:13: error: expected identifier or ‘(’ before numeric constant
 #define int 274
             ^
y.tab.c:92:16: error: expected specifier-qualifier-list before numeric constant
 #define struct 285
                ^
y.tab.c:79:14: error: expected specifier-qualifier-list before numeric constant
 #define char 272
              ^
y.tab.c:81:13: error: expected identifier or ‘(’ before numeric constant
 #define int 274
             ^
y.tab.c:79:14: error: expected specifier-qualifier-list before numeric constant
 #define char 272
              ^
y.tab.c:79:14: error: expected specifier-qualifier-list before numeric constant
 #define char 272
              ^
y.tab.c:82:14: error: expected identifier or ‘(’ before numeric constant
 #define long 275
              ^
y.tab.c:78:14: error: expected identifier or ‘(’ before numeric constant
 #define void 271
              ^
y.tab.c:79:14: error: expected identifier or ‘(’ before numeric constant
 #define char 272
              ^
y.tab.c:79:14: error: expected identifier or ‘(’ before numeric constant
 #define char 272
              ^
y.tab.c:92:16: error: expected identifier or ‘(’ before numeric constant
 #define struct 285
                ^
y.tab.c:81:13: error: expected identifier or ‘(’ before numeric constant
 #define int 274
             ^
y.tab.c:81:13: error: expected identifier or ‘(’ before numeric constant
 #define int 274
             ^
y.tab.c:81:13: error: expected identifier or ‘(’ before numeric constant
 #define int 274
             ^
y.tab.c:81:13: error: expected identifier or ‘(’ before numeric constant
 #define int 274
             ^
y.tab.c:81:13: error: expected identifier or ‘(’ before numeric constant
 #define int 274
             ^
y.tab.c:78:14: error: expected identifier or ‘(’ before numeric constant
 #define void 271
              ^
y.tab.c:81:13: error: expected identifier or ‘(’ before numeric constant
 #define int 274
             ^
y.tab.c:84:16: error: expected identifier or ‘(’ before numeric constant
 #define double 277
                ^
y.tab.c:84:16: error: expected identifier or ‘(’ before numeric constant
 #define double 277
                ^
y.tab.c:82:14: error: expected identifier or ‘(’ before numeric constant
 #define long 275
              ^
y.tab.c:82:14: error: expected identifier or ‘(’ before numeric constant
 #define long 275
              ^
y.tab.c:82:14: error: expected identifier or ‘(’ before numeric constant
 #define long 275
              ^
y.tab.c:82:14: error: expected identifier or ‘(’ before numeric constant
 #define long 275
              ^
y.tab.c:78:14: error: expected identifier or ‘(’ before numeric constant
 #define void 271
              ^
y.tab.c:86:18: error: expected identifier or ‘(’ before numeric constant
 #define unsigned 279
                  ^
y.tab.c:78:14: error: expected identifier or ‘(’ before numeric constant
 #define void 271
              ^
y.tab.c:92:16: error: expected identifier or ‘(’ before numeric constant
 #define struct 285
                ^
y.tab.c:81:13: error: expected identifier or ‘(’ before numeric constant
 #define int 274
             ^
y.tab.c:81:13: error: expected identifier or ‘(’ before numeric constant
 #define int 274
             ^
y.tab.c:81:13: error: expected identifier or ‘(’ before numeric constant
 #define int 274
             ^
y.tab.c:81:13: error: expected identifier or ‘(’ before numeric constant
 #define int 274
             ^
y.tab.c:81:13: error: expected identifier or ‘(’ before numeric constant
 #define int 274
             ^
y.tab.c:81:13: error: expected identifier or ‘(’ before numeric constant
 #define int 274
             ^
y.tab.c:81:13: error: expected identifier or ‘(’ before numeric constant
 #define int 274
             ^
y.tab.c:81:13: error: expected identifier or ‘(’ before numeric constant
 #define int 274
             ^
y.tab.c:81:13: error: expected identifier or ‘(’ before numeric constant
 #define int 274
             ^
y.tab.c:78:14: error: expected identifier or ‘(’ before numeric constant
 #define void 271
              ^
y.tab.c:78:14: error: expected identifier or ‘(’ before numeric constant
 #define void 271
              ^
y.tab.c:78:14: error: expected identifier or ‘(’ before numeric constant
 #define void 271
              ^
y.tab.c:78:14: error: expected identifier or ‘(’ before numeric constant
 #define void 271
              ^
y.tab.c:78:14: error: expected identifier or ‘(’ before numeric constant
 #define void 271
              ^
y.tab.c:78:14: error: expected identifier or ‘(’ before numeric constant
 #define void 271
              ^
y.tab.c:78:14: error: expected identifier or ‘(’ before numeric constant
 #define void 271
              ^
y.tab.c:81:13: error: expected identifier or ‘(’ before numeric constant
 #define int 274
             ^
y.tab.c:78:14: error: expected identifier or ‘(’ before numeric constant
 #define void 271
              ^
y.tab.c:78:14: error: expected identifier or ‘(’ before numeric constant
 #define void 271
              ^
y.tab.c:81:13: error: expected identifier or ‘(’ before numeric constant
 #define int 274
             ^
y.tab.c:81:13: error: expected identifier or ‘(’ before numeric constant
 #define int 274
             ^
y.tab.c:81:13: error: expected identifier or ‘(’ before numeric constant
 #define int 274
             ^
y.tab.c:78:14: error: expected identifier or ‘(’ before numeric constant
 #define void 271
              ^
y.tab.c:78:14: error: expected identifier or ‘(’ before numeric constant
 #define void 271
              ^
y.tab.c:78:14: error: expected identifier or ‘(’ before numeric constant
 #define void 271
              ^
y.tab.c:79:14: error: expected identifier or ‘(’ before numeric constant
 #define char 272
              ^
y.tab.c:81:13: error: expected identifier or ‘(’ before numeric constant
 #define int 274
             ^
y.tab.c:81:13: error: expected identifier or ‘(’ before numeric constant
 #define int 274
             ^
y.tab.c:81:13: error: expected identifier or ‘(’ before numeric constant
 #define int 274
             ^
y.tab.c:81:13: error: expected identifier or ‘(’ before numeric constant
 #define int 274
             ^
y.tab.c:79:14: error: expected identifier or ‘(’ before numeric constant
 #define char 272
              ^
y.tab.c:81:13: error: expected identifier or ‘(’ before numeric constant
 #define int 274
             ^
y.tab.c:81:13: error: expected identifier or ‘(’ before numeric constant
 #define int 274
             ^
y.tab.c:79:14: error: expected identifier or ‘(’ before numeric constant
 #define char 272
              ^
y.tab.c:81:13: error: expected identifier or ‘(’ before numeric constant
 #define int 274
             ^
y.tab.c:79:14: error: expected identifier or ‘(’ before numeric constant
 #define char 272
              ^
y.tab.c:81:13: error: expected identifier or ‘(’ before numeric constant
 #define int 274
             ^
y.tab.c:78:14: error: expected identifier or ‘(’ before numeric constant
 #define void 271
              ^
y.tab.c:78:14: error: expected identifier or ‘(’ before numeric constant
 #define void 271
              ^
y.tab.c:81:13: error: expected identifier or ‘(’ before numeric constant
 #define int 274
             ^
y.tab.c:82:14: error: expected identifier or ‘(’ before numeric constant
 #define long 275
              ^
y.tab.c:82:14: error: expected identifier or ‘(’ before numeric constant
 #define long 275
              ^
In file included from y.tab.c:724:0:
/usr/include/stdlib.h:788:14: error: expected ‘=’, ‘,’, ‘;’, ‘asm’ or ‘__attribute__’ before ‘div’
 extern div_t div (int __numer, int __denom)
              ^
/usr/include/stdlib.h:790:15: error: expected ‘=’, ‘,’, ‘;’, ‘asm’ or ‘__attribute__’ before ‘ldiv’
 extern ldiv_t ldiv (long int __numer, long int __denom)
               ^
/usr/include/stdlib.h:796:30: error: expected ‘=’, ‘,’, ‘;’, ‘asm’ or ‘__attribute__’ before ‘lldiv’
 __extension__ extern lldiv_t lldiv (long long int __numer,
                              ^
y.tab.c:79:14: error: expected identifier or ‘(’ before numeric constant
 #define char 272
              ^
y.tab.c:79:14: error: expected identifier or ‘(’ before numeric constant
 #define char 272
              ^
y.tab.c:79:14: error: expected identifier or ‘(’ before numeric constant
 #define char 272
              ^
y.tab.c:79:14: error: expected identifier or ‘(’ before numeric constant
 #define char 272
              ^
y.tab.c:79:14: error: expected identifier or ‘(’ before numeric constant
 #define char 272
              ^
y.tab.c:79:14: error: expected identifier or ‘(’ before numeric constant
 #define char 272
              ^
y.tab.c:81:13: error: expected identifier or ‘(’ before numeric constant
 #define int 274
             ^
y.tab.c:81:13: error: expected identifier or ‘(’ before numeric constant
 #define int 274
             ^
y.tab.c:81:13: error: expected identifier or ‘(’ before numeric constant
 #define int 274
             ^
y.tab.c:81:13: error: expected identifier or ‘(’ before numeric constant
 #define int 274
             ^
y.tab.c:81:13: error: expected identifier or ‘(’ before numeric constant
 #define int 274
             ^
y.tab.c:81:13: error: expected identifier or ‘(’ before numeric constant
 #define int 274
             ^
y.tab.c:81:13: error: expected identifier or ‘(’ before numeric constant
 #define int 274
             ^
In file included from y.tab.c:724:0:
/usr/include/stdlib.h:873:25: error: unknown type name ‘wchar_t’
 extern size_t mbstowcs (wchar_t *__restrict  __pwcs,
                         ^
y.tab.c:79:14: error: expected ‘;’, ‘,’ or ‘)’ before numeric constant
 #define char 272
              ^
y.tab.c:79:14: error: expected declaration specifiers or ‘...’ before numeric constant
 #define char 272
              ^
In file included from y.tab.c:724:0:
/usr/include/stdlib.h:877:10: error: unknown type name ‘wchar_t’
    const wchar_t *__restrict __pwcs, size_t __n)
          ^
y.tab.c:81:13: error: expected identifier or ‘(’ before numeric constant
 #define int 274
             ^
y.tab.c:81:13: error: expected identifier or ‘(’ before numeric constant
 #define int 274
             ^
y.tab.c:81:13: error: expected identifier or ‘(’ before numeric constant
 #define int 274
             ^
y.tab.c:78:14: error: expected identifier or ‘(’ before numeric constant
 #define void 271
              ^
y.tab.c:78:14: error: expected identifier or ‘(’ before numeric constant
 #define void 271
              ^
y.tab.c:78:14: error: expected identifier or ‘(’ before numeric constant
 #define void 271
              ^
y.tab.c:78:14: error: expected identifier or ‘(’ before numeric constant
 #define void 271
              ^
y.tab.c:81:13: error: expected identifier or ‘(’ before numeric constant
 #define int 274
             ^
y.tab.c:78:14: error: expected identifier or ‘(’ before numeric constant
 #define void 271
              ^
y.tab.c:79:14: error: expected identifier or ‘(’ before numeric constant
 #define char 272
              ^
y.tab.c:79:14: error: expected identifier or ‘(’ before numeric constant
 #define char 272
              ^
y.tab.c:79:14: error: expected identifier or ‘(’ before numeric constant
 #define char 272
              ^
y.tab.c:79:14: error: expected identifier or ‘(’ before numeric constant
 #define char 272
              ^
y.tab.c:81:13: error: expected identifier or ‘(’ before numeric constant
 #define int 274
             ^
y.tab.c:81:13: error: expected identifier or ‘(’ before numeric constant
 #define int 274
             ^
y.tab.c:81:13: error: expected identifier or ‘(’ before numeric constant
 #define int 274
             ^
y.tab.c:79:14: error: expected declaration specifiers or ‘...’ before numeric constant
 #define char 272
              ^
y.tab.c:79:14: error: expected ‘;’, ‘,’ or ‘)’ before numeric constant
 #define char 272
              ^
y.tab.c:92:16: error: expected identifier or ‘(’ before numeric constant
 #define struct 285
                ^
In file included from /usr/include/string.h:159:0,
                 from y.tab.c:725:
/usr/include/xlocale.h:42:20: error: expected ‘=’, ‘,’, ‘;’, ‘asm’ or ‘__attribute__’ before ‘locale_t’
 typedef __locale_t locale_t;
                    ^
y.tab.c:81:13: error: expected identifier or ‘(’ before numeric constant
 #define int 274
             ^
y.tab.c:79:14: error: expected declaration specifiers or ‘...’ before numeric constant
 #define char 272
              ^
y.tab.c:79:14: warning: type defaults to ‘int’ in type name [-Wimplicit-int]
y.tab.c:79:14: error: expected ‘;’, ‘,’ or ‘)’ before numeric constant
 #define char 272
              ^
y.tab.c:79:14: error: expected identifier or ‘(’ before numeric constant
 #define char 272
              ^
y.tab.c:79:14: error: expected identifier or ‘(’ before numeric constant
 #define char 272
              ^
y.tab.c:79:14: error: expected identifier or ‘(’ before numeric constant
 #define char 272
              ^
y.tab.c:79:14: error: expected identifier or ‘(’ before numeric constant
 #define char 272
              ^
y.tab.c:79:14: error: expected ‘;’, ‘,’ or ‘)’ before numeric constant
 #define char 272
              ^
y.tab.c:79:14: error: expected ‘;’, ‘,’ or ‘)’ before numeric constant
 #define char 272
              ^
y.tab.c:79:14: error: expected identifier or ‘(’ before numeric constant
 #define char 272
              ^
y.tab.c:79:14: error: expected identifier or ‘(’ before numeric constant
 #define char 272
              ^
y.tab.c:79:14: error: expected identifier or ‘(’ before numeric constant
 #define char 272
              ^
y.tab.c:79:14: error: expected identifier or ‘(’ before numeric constant
 #define char 272
              ^
y.tab.c:79:14: error: expected identifier or ‘(’ before numeric constant
 #define char 272
              ^
y.tab.c:79:14: error: expected ‘;’, ‘,’ or ‘)’ before numeric constant
 #define char 272
              ^
y.tab.c:79:14: error: expected ‘;’, ‘,’ or ‘)’ before numeric constant
 #define char 272
              ^
y.tab.c:79:14: error: expected identifier or ‘(’ before numeric constant
 #define char 272
              ^
y.tab.c:81:13: error: expected identifier or ‘(’ before numeric constant
 #define int 274
             ^
y.tab.c:79:14: error: expected identifier or ‘(’ before numeric constant
 #define char 272
              ^
y.tab.c:78:14: error: expected identifier or ‘(’ before numeric constant
 #define void 271
              ^
y.tab.c:78:14: error: expected identifier or ‘(’ before numeric constant
 #define void 271
              ^
y.tab.c:78:14: error: expected identifier or ‘(’ before numeric constant
 #define void 271
              ^
y.tab.c:81:13: error: expected identifier or ‘(’ before numeric constant
 #define int 274
             ^
y.tab.c:79:14: error: expected identifier or ‘(’ before numeric constant
 #define char 272
              ^
y.tab.c:79:14: error: expected identifier or ‘(’ before numeric constant
 #define char 272
              ^
y.tab.c:81:13: error: expected identifier or ‘(’ before numeric constant
 #define int 274
             ^
y.tab.c:81:13: error: expected identifier or ‘(’ before numeric constant
 #define int 274
             ^
y.tab.c:81:13: error: expected identifier or ‘(’ before numeric constant
 #define int 274
             ^
y.tab.c:79:14: error: expected identifier or ‘(’ before numeric constant
 #define char 272
              ^
y.tab.c:79:14: error: expected identifier or ‘(’ before numeric constant
 #define char 272
              ^
y.tab.c:79:14: error: expected identifier or ‘(’ before numeric constant
 #define char 272
              ^
y.tab.c:79:14: error: expected identifier or ‘(’ before numeric constant
 #define char 272
              ^
y.tab.c:79:14: error: expected identifier or ‘(’ before numeric constant
 #define char 272
              ^
y.tab.c:79:14: error: expected identifier or ‘(’ before numeric constant
 #define char 272
              ^
y.tab.c:81:13: error: expected identifier or ‘(’ before numeric constant
 #define int 274
             ^
y.tab.c:728:8: note: in expansion of macro ‘int’
 static int yygrowstack(YYSTACKDATA *data)
        ^
y.tab.c:81:13: error: expected identifier or ‘(’ before numeric constant
 #define int 274
             ^
y.tab.c:778:1: note: in expansion of macro ‘int’
 int
 ^
In file included from syntaxc.lex:2:0:
y.tab.h:16:14: error: expected identifier or ‘(’ before numeric constant
 #define char 272
              ^
syntaxc.lex:6:8: note: in expansion of macro ‘char’
 extern char* yylval;
        ^
y.tab.h:16:14: error: expected identifier or ‘(’ before numeric constant
 #define char 272
              ^
syntaxc.lex:7:1: note: in expansion of macro ‘char’
 char* ana(char *s){
 ^
y.tab.h:18:13: error: expected identifier or ‘(’ before numeric constant
 #define int 274
             ^
y.tab.h:18:13: error: expected identifier or ‘(’ before numeric constant
 #define int 274
             ^
y.tab.h:18:13: error: expected declaration specifiers or ‘...’ before numeric constant
 #define int 274
             ^
y.tab.h:18:13: error: expected declaration specifiers or ‘...’ before numeric constant
 #define int 274
             ^
y.tab.h:18:13: error: expected identifier or ‘(’ before numeric constant
 #define int 274
             ^
y.tab.h:18:13: error: expected declaration specifiers or ‘...’ before numeric constant
 #define int 274
             ^
y.tab.h:15:14: error: expected declaration specifiers or ‘...’ before numeric constant
 #define void 271
              ^
y.tab.h:18:13: error: expected declaration specifiers or ‘...’ before numeric constant
 #define int 274
             ^
y.tab.h:18:13: warning: type defaults to ‘int’ in type name [-Wimplicit-int]
y.tab.h:15:14: error: expected ‘;’, ‘,’ or ‘)’ before numeric constant
 #define void 271
              ^
y.tab.h:18:13: error: expected declaration specifiers or ‘...’ before numeric constant
 #define int 274
             ^
y.tab.h:15:14: error: expected declaration specifiers or ‘...’ before numeric constant
 #define void 271
              ^
y.tab.h:18:13: error: expected declaration specifiers or ‘...’ before numeric constant
 #define int 274
             ^
y.tab.h:18:13: warning: type defaults to ‘int’ in type name [-Wimplicit-int]
y.tab.h:15:14: error: expected ‘;’, ‘,’ or ‘)’ before numeric constant
 #define void 271
              ^
y.tab.h:18:13: error: expected identifier or ‘(’ before numeric constant
 #define int 274
             ^
y.tab.h:23:18: error: expected identifier or ‘(’ before numeric constant
 #define unsigned 279
                  ^
y.tab.h:23:18: error: expected identifier or ‘(’ before numeric constant
 #define unsigned 279
                  ^
y.tab.h:18:13: error: expected identifier or ‘(’ before numeric constant
 #define int 274
             ^
y.tab.h:18:13: error: expected identifier or ‘(’ before numeric constant
 #define int 274
             ^
y.tab.h:18:13: error: expected identifier or ‘(’ before numeric constant
 #define int 274
             ^
y.tab.h:18:13: error: expected identifier or ‘(’ before numeric constant
 #define int 274
             ^
y.tab.h:18:13: error: expected identifier or ‘(’ before numeric constant
 #define int 274
             ^
y.tab.h:18:13: error: expected identifier or ‘(’ before numeric constant
 #define int 274
             ^
y.tab.h:18:13: error: expected identifier or ‘(’ before numeric constant
 #define int 274
             ^
y.tab.h:18:13: error: expected identifier or ‘(’ before numeric constant
 #define int 274
             ^
y.tab.h:16:14: error: expected identifier or ‘(’ before numeric constant
 #define char 272
              ^
y.tab.h:16:14: error: expected identifier or ‘(’ before numeric constant
 #define char 272
              ^
y.tab.h:18:13: error: expected identifier or ‘(’ before numeric constant
 #define int 274
             ^
y.tab.h:18:13: error: expected identifier or ‘(’ before numeric constant
 #define int 274
             ^
y.tab.h:16:14: error: expected identifier or ‘(’ before numeric constant
 #define char 272
              ^
y.tab.h:18:13: error: expected identifier or ‘(’ before numeric constant
 #define int 274
             ^
y.tab.h:18:13: error: expected identifier or ‘(’ before numeric constant
 #define int 274
             ^
y.tab.h:18:13: error: expected identifier or ‘(’ before numeric constant
 #define int 274
             ^
y.tab.h:18:13: error: expected identifier or ‘(’ before numeric constant
 #define int 274
             ^
y.tab.h:18:13: error: expected identifier or ‘(’ before numeric constant
 #define int 274
             ^
y.tab.h:18:13: error: expected identifier or ‘(’ before numeric constant
 #define int 274
             ^
y.tab.h:18:13: error: expected identifier or ‘(’ before numeric constant
 #define int 274
             ^
y.tab.h:18:13: error: expected identifier or ‘(’ before numeric constant
 #define int 274
             ^
y.tab.h:15:14: error: expected identifier or ‘(’ before numeric constant
 #define void 271
              ^
y.tab.h:30:14: error: expected identifier or ‘(’ before numeric constant
 #define enum 286
              ^
y.tab.h:30:14: error: expected identifier or ‘(’ before numeric constant
 #define enum 286
              ^
y.tab.h:30:14: error: expected identifier or ‘(’ before numeric constant
 #define enum 286
              ^
y.tab.h:19:14: error: expected identifier or ‘(’ before numeric constant
 #define long 275
              ^
y.tab.h:19:14: error: expected identifier or ‘(’ before numeric constant
 #define long 275
              ^
y.tab.h:19:14: error: expected identifier or ‘(’ before numeric constant
 #define long 275
              ^
y.tab.h:18:13: error: expected declaration specifiers or ‘...’ before numeric constant
 #define int 274
             ^
y.tab.h:16:14: error: expected declaration specifiers or ‘...’ before numeric constant
 #define char 272
              ^
y.tab.h:15:14: error: expected declaration specifiers or ‘...’ before numeric constant
 #define void 271
              ^
y.tab.h:15:14: error: expected declaration specifiers or ‘...’ before numeric constant
 #define void 271
              ^
y.tab.h:15:14: error: expected declaration specifiers or ‘...’ before numeric constant
 #define void 271
              ^
y.tab.h:18:13: error: expected identifier or ‘(’ before numeric constant
 #define int 274
             ^
y.tab.h:18:13: error: expected identifier or ‘(’ before numeric constant
 #define int 274
             ^
y.tab.h:15:14: error: expected declaration specifiers or ‘...’ before numeric constant
 #define void 271
              ^
y.tab.h:15:14: error: expected declaration specifiers or ‘...’ before numeric constant
 #define void 271
              ^
y.tab.h:15:14: error: expected declaration specifiers or ‘...’ before numeric constant
 #define void 271
              ^
y.tab.h:15:14: error: expected declaration specifiers or ‘...’ before numeric constant
 #define void 271
              ^
y.tab.h:15:14: error: expected declaration specifiers or ‘...’ before numeric constant
 #define void 271
              ^
y.tab.h:18:13: error: expected identifier or ‘(’ before numeric constant
 #define int 274
             ^
y.tab.h:18:13: error: expected identifier or ‘(’ before numeric constant
 #define int 274
             ^
y.tab.h:18:13: error: expected identifier or ‘(’ before numeric constant
 #define int 274
             ^
y.tab.h:18:13: error: expected identifier or ‘(’ before numeric constant
 #define int 274
             ^
y.tab.h:18:13: error: expected identifier or ‘(’ before numeric constant
 #define int 274
             ^
y.tab.h:18:13: error: expected identifier or ‘(’ before numeric constant
 #define int 274
             ^
y.tab.h:18:13: error: expected identifier or ‘(’ before numeric constant
 #define int 274
             ^
y.tab.h:15:14: error: expected declaration specifiers or ‘...’ before numeric constant
 #define void 271
              ^
y.tab.h:15:14: error: expected declaration specifiers or ‘...’ before numeric constant
 #define void 271
              ^
y.tab.h:16:14: error: expected identifier or ‘(’ before numeric constant
 #define char 272
              ^
y.tab.h:18:13: error: expected identifier or ‘(’ before numeric constant
 #define int 274
             ^
y.tab.h:18:13: error: expected identifier or ‘(’ before numeric constant
 #define int 274
             ^
y.tab.h:18:13: error: expected identifier or ‘(’ before numeric constant
 #define int 274
             ^
y.tab.h:18:13: error: expected identifier or ‘(’ before numeric constant
 #define int 274
             ^
y.tab.h:18:13: error: expected identifier or ‘(’ before numeric constant
 #define int 274
             ^
y.tab.h:18:13: error: expected identifier or ‘(’ before numeric constant
 #define int 274
             ^
y.tab.h:16:14: error: expected ‘;’, ‘,’ or ‘)’ before numeric constant
 #define char 272
              ^
y.tab.h:18:13: error: expected identifier or ‘(’ before numeric constant
 #define int 274
             ^
y.tab.h:18:13: error: expected declaration specifiers or ‘...’ before numeric constant
 #define int 274
             ^
y.tab.h:18:13: warning: type defaults to ‘int’ in type name [-Wimplicit-int]
y.tab.h:16:14: error: expected ‘;’, ‘,’ or ‘)’ before numeric constant
 #define char 272
              ^
y.tab.h:18:13: error: expected identifier or ‘(’ before numeric constant
 #define int 274
             ^
y.tab.h:18:13: error: expected identifier or ‘(’ before numeric constant
 #define int 274
             ^
y.tab.h:18:13: error: expected identifier or ‘(’ before numeric constant
 #define int 274
             ^
y.tab.h:18:13: error: expected declaration specifiers or ‘...’ before numeric constant
 #define int 274
             ^
y.tab.h:18:13: error: expected identifier or ‘(’ before numeric constant
 #define int 274
             ^
y.tab.h:16:14: error: expected identifier or ‘(’ before numeric constant
 #define char 272
              ^
y.tab.h:18:13: error: expected identifier or ‘(’ before numeric constant
 #define int 274
             ^
y.tab.h:18:13: error: expected identifier or ‘(’ before numeric constant
 #define int 274
             ^
y.tab.h:16:14: error: expected identifier or ‘(’ before numeric constant
 #define char 272
              ^
y.tab.h:18:13: error: expected identifier or ‘(’ before numeric constant
 #define int 274
             ^
y.tab.h:18:13: error: expected identifier or ‘(’ before numeric constant
 #define int 274
             ^
y.tab.h:18:13: error: expected identifier or ‘(’ before numeric constant
 #define int 274
             ^
y.tab.h:18:13: error: expected identifier or ‘(’ before numeric constant
 #define int 274
             ^
y.tab.h:18:13: error: expected identifier or ‘(’ before numeric constant
 #define int 274
             ^
y.tab.h:18:13: error: expected identifier or ‘(’ before numeric constant
 #define int 274
             ^
y.tab.h:18:13: error: expected identifier or ‘(’ before numeric constant
 #define int 274
             ^
y.tab.h:18:13: error: expected identifier or ‘(’ before numeric constant
 #define int 274
             ^
y.tab.h:18:13: error: expected identifier or ‘(’ before numeric constant
 #define int 274
             ^
y.tab.h:18:13: error: expected identifier or ‘(’ before numeric constant
 #define int 274
             ^
y.tab.h:18:13: error: expected identifier or ‘(’ before numeric constant
 #define int 274
             ^
y.tab.h:18:13: error: expected identifier or ‘(’ before numeric constant
 #define int 274
             ^
y.tab.h:18:13: error: expected identifier or ‘(’ before numeric constant
 #define int 274
             ^
y.tab.h:16:14: error: expected identifier or ‘(’ before numeric constant
 #define char 272
              ^
y.tab.h:15:14: error: expected identifier or ‘(’ before numeric constant
 #define void 271
              ^
y.tab.h:15:14: error: expected identifier or ‘(’ before numeric constant
 #define void 271
              ^
y.tab.h:18:13: error: expected identifier or ‘(’ before numeric constant
 #define int 274
             ^
y.tab.h:18:13: error: expected identifier or ‘(’ before numeric constant
 #define int 274
             ^
y.tab.h:16:14: error: expected identifier or ‘(’ before numeric constant
 #define char 272
              ^
y.tab.h:18:13: error: expected identifier or ‘(’ before numeric constant
 #define int 274
             ^
y.tab.h:19:14: error: expected identifier or ‘(’ before numeric constant
 #define long 275
              ^
y.tab.h:15:14: error: expected identifier or ‘(’ before numeric constant
 #define void 271
              ^
y.tab.h:18:13: error: expected identifier or ‘(’ before numeric constant
 #define int 274
             ^
y.tab.h:18:13: error: expected identifier or ‘(’ before numeric constant
 #define int 274
             ^
y.tab.h:18:13: error: expected identifier or ‘(’ before numeric constant
 #define int 274
             ^
y.tab.h:18:13: error: expected identifier or ‘(’ before numeric constant
 #define int 274
             ^
y.tab.h:18:13: error: expected identifier or ‘(’ before numeric constant
 #define int 274
             ^
y.tab.h:15:14: error: expected identifier or ‘(’ before numeric constant
 #define void 271
              ^
y.tab.h:19:14: error: expected identifier or ‘(’ before numeric constant
 #define long 275
              ^
y.tab.h:18:13: error: expected identifier or ‘(’ before numeric constant
 #define int 274
             ^
y.tab.h:18:13: error: expected identifier or ‘(’ before numeric constant
 #define int 274
             ^
y.tab.h:18:13: error: expected identifier or ‘(’ before numeric constant
 #define int 274
             ^
lex.yy.c:513:8: note: in expansion of macro ‘int’
 static int yy_init_globals (void );
        ^
y.tab.h:18:13: error: expected identifier or ‘(’ before numeric constant
 #define int 274
             ^
lex.yy.c:518:1: note: in expansion of macro ‘int’
 int yylex_destroy (void );
 ^
y.tab.h:18:13: error: expected identifier or ‘(’ before numeric constant
 #define int 274
             ^
lex.yy.c:520:1: note: in expansion of macro ‘int’
 int yyget_debug (void );
 ^
y.tab.h:15:14: error: expected identifier or ‘(’ before numeric constant
 #define void 271
              ^
lex.yy.c:522:1: note: in expansion of macro ‘void’
 void yyset_debug (int debug_flag  );
 ^
y.tab.h:15:14: error: expected identifier or ‘(’ before numeric constant
 #define void 271
              ^
lex.yy.c:510:23: note: in expansion of macro ‘void’
 #define YY_EXTRA_TYPE void *
                       ^
lex.yy.c:524:1: note: in expansion of macro ‘YY_EXTRA_TYPE’
 YY_EXTRA_TYPE yyget_extra (void );
 ^
y.tab.h:15:14: error: expected identifier or ‘(’ before numeric constant
 #define void 271
              ^
lex.yy.c:526:1: note: in expansion of macro ‘void’
 void yyset_extra (YY_EXTRA_TYPE user_defined  );
 ^
y.tab.h:15:14: error: expected declaration specifiers or ‘...’ before numeric constant
 #define void 271
              ^
lex.yy.c:528:17: note: in expansion of macro ‘void’
 FILE *yyget_in (void );
                 ^
y.tab.h:15:14: error: expected identifier or ‘(’ before numeric constant
 #define void 271
              ^
lex.yy.c:530:1: note: in expansion of macro ‘void’
 void yyset_in  (FILE * _in_str  );
 ^
y.tab.h:15:14: error: expected declaration specifiers or ‘...’ before numeric constant
 #define void 271
              ^
lex.yy.c:532:18: note: in expansion of macro ‘void’
 FILE *yyget_out (void );
                  ^
y.tab.h:15:14: error: expected identifier or ‘(’ before numeric constant
 #define void 271
              ^
lex.yy.c:534:1: note: in expansion of macro ‘void’
 void yyset_out  (FILE * _out_str  );
 ^
y.tab.h:15:14: error: expected declaration specifiers or ‘...’ before numeric constant
 #define void 271
              ^
lex.yy.c:536:23: note: in expansion of macro ‘void’
 yy_size_t yyget_leng (void );
                       ^
y.tab.h:16:14: error: expected identifier or ‘(’ before numeric constant
 #define char 272
              ^
lex.yy.c:538:1: note: in expansion of macro ‘char’
 char *yyget_text (void );
 ^
y.tab.h:18:13: error: expected identifier or ‘(’ before numeric constant
 #define int 274
             ^
lex.yy.c:540:1: note: in expansion of macro ‘int’
 int yyget_lineno (void );
 ^
y.tab.h:15:14: error: expected identifier or ‘(’ before numeric constant
 #define void 271
              ^
lex.yy.c:542:1: note: in expansion of macro ‘void’
 void yyset_lineno (int _line_number  );
 ^
y.tab.h:18:13: error: expected identifier or ‘(’ before numeric constant
 #define int 274
             ^
lex.yy.c:552:8: note: in expansion of macro ‘int’
 extern int yywrap (void );
        ^
y.tab.h:15:14: error: expected identifier or ‘(’ before numeric constant
 #define void 271
              ^
lex.yy.c:558:12: note: in expansion of macro ‘void’
     static void yyunput (int c,char *buf_ptr  );
            ^
y.tab.h:18:13: error: expected identifier or ‘(’ before numeric constant
 #define int 274
             ^
lex.yy.c:575:8: note: in expansion of macro ‘int’
 static int input (void );
        ^
y.tab.h:18:13: error: expected identifier or ‘(’ before numeric constant
 #define int 274
             ^
lex.yy.c:660:8: note: in expansion of macro ‘int’
 extern int yylex (void);
        ^
y.tab.h:18:13: error: expected identifier or ‘(’ before numeric constant
 #define int 274
             ^
lex.yy.c:662:17: note: in expansion of macro ‘int’
 #define YY_DECL int yylex (void)
                 ^
lex.yy.c:682:1: note: in expansion of macro ‘YY_DECL’
 YY_DECL
 ^
y.tab.h:18:13: error: expected identifier or ‘(’ before numeric constant
 #define int 274
             ^
lex.yy.c:968:8: note: in expansion of macro ‘int’
 static int yy_get_next_buffer (void)
        ^
y.tab.h:15:14: error: expected declaration specifiers or ‘...’ before numeric constant
 #define void 271
              ^
lex.yy.c:1102:49: note: in expansion of macro ‘void’
     static yy_state_type yy_get_previous_state (void)
                                                 ^
lex.yy.c: In function ‘yy_try_NUL_trans’:
lex.yy.c:1136:6: error: expected ‘;’ before ‘yy_is_jam’
  int yy_is_jam;
      ^
lex.yy.c:1137:12: error: ‘yy_cp’ undeclared (first use in this function)
      char *yy_cp = (yy_c_buf_p);
            ^
lex.yy.c:1137:12: note: each undeclared identifier is reported only once for each function it appears in
lex.yy.c:1147:28: error: expected ‘;’ before ‘yy_def’
   yy_current_state = (int) yy_def[yy_current_state];
                            ^
In file included from syntaxc.lex:2:0:
y.tab.h:18:13: error: expected ‘)’ before numeric constant
 #define int 274
             ^
lex.yy.c:1149:29: note: in expansion of macro ‘int’
    yy_c = yy_meta[(unsigned int) yy_c];
                             ^
lex.yy.c:1149:34: error: expected ‘]’ before ‘yy_c’
    yy_c = yy_meta[(unsigned int) yy_c];
                                  ^
In file included from syntaxc.lex:2:0:
y.tab.h:18:13: error: expected ‘)’ before numeric constant
 #define int 274
             ^
lex.yy.c:1151:66: note: in expansion of macro ‘int’
  yy_current_state = yy_nxt[yy_base[yy_current_state] + (unsigned int) yy_c];
                                                                  ^
lex.yy.c:1151:71: error: expected ‘]’ before ‘yy_c’
  yy_current_state = yy_nxt[yy_base[yy_current_state] + (unsigned int) yy_c];
                                                                       ^
lex.yy.c:1152:2: error: ‘yy_is_jam’ undeclared (first use in this function)
  yy_is_jam = (yy_current_state == 30);
  ^
In file included from syntaxc.lex:2:0:
lex.yy.c: At top level:
y.tab.h:15:14: error: expected identifier or ‘(’ before numeric constant
 #define void 271
              ^
lex.yy.c:1159:12: note: in expansion of macro ‘void’
     static void yyunput (int c, char * yy_bp )
            ^
y.tab.h:18:13: error: expected identifier or ‘(’ before numeric constant
 #define int 274
             ^
lex.yy.c:1202:12: note: in expansion of macro ‘int’
     static int input  (void)
            ^
y.tab.h:15:14: error: expected identifier or ‘(’ before numeric constant
 #define void 271
              ^
lex.yy.c:1277:5: note: in expansion of macro ‘void’
     void yyrestart  (FILE * input_file )
     ^
y.tab.h:15:14: error: expected identifier or ‘(’ before numeric constant
 #define void 271
              ^
lex.yy.c:1294:5: note: in expansion of macro ‘void’
     void yy_switch_to_buffer  (YY_BUFFER_STATE  new_buffer )
     ^
y.tab.h:15:14: error: expected identifier or ‘(’ before numeric constant
 #define void 271
              ^
lex.yy.c:1325:8: note: in expansion of macro ‘void’
 static void yy_load_buffer_state  (void)
        ^
y.tab.h:18:13: error: expected declaration specifiers or ‘...’ before numeric constant
 #define int 274
             ^
lex.yy.c:1339:53: note: in expansion of macro ‘int’
     YY_BUFFER_STATE yy_create_buffer  (FILE * file, int  size )
                                                     ^
y.tab.h:15:14: error: expected identifier or ‘(’ before numeric constant
 #define void 271
              ^
lex.yy.c:1367:5: note: in expansion of macro ‘void’
     void yy_delete_buffer (YY_BUFFER_STATE  b )
     ^
y.tab.h:15:14: error: expected identifier or ‘(’ before numeric constant
 #define void 271
              ^
lex.yy.c:1386:12: note: in expansion of macro ‘void’
     static void yy_init_buffer  (YY_BUFFER_STATE  b, FILE * file )
            ^
y.tab.h:15:14: error: expected identifier or ‘(’ before numeric constant
 #define void 271
              ^
lex.yy.c:1414:5: note: in expansion of macro ‘void’
     void yy_flush_buffer (YY_BUFFER_STATE  b )
     ^
y.tab.h:15:14: error: expected identifier or ‘(’ before numeric constant
 #define void 271
              ^
lex.yy.c:1443:1: note: in expansion of macro ‘void’
 void yypush_buffer_state (YY_BUFFER_STATE new_buffer )
 ^
y.tab.h:15:14: error: expected identifier or ‘(’ before numeric constant
 #define void 271
              ^
lex.yy.c:1473:1: note: in expansion of macro ‘void’
 void yypop_buffer_state (void)
 ^
y.tab.h:15:14: error: expected identifier or ‘(’ before numeric constant
 #define void 271
              ^
lex.yy.c:1492:8: note: in expansion of macro ‘void’
 static void yyensure_buffer_stack (void)
        ^
y.tab.h:16:14: error: expected declaration specifiers or ‘...’ before numeric constant
 #define char 272
              ^
lex.yy.c:1541:34: note: in expansion of macro ‘char’
 YY_BUFFER_STATE yy_scan_buffer  (char * base, yy_size_t  size )
                                  ^
lex.yy.c:1578:1: warning: type defaults to ‘int’ in type name [-Wimplicit-int]
 YY_BUFFER_STATE yy_scan_string (yyconst char * yystr )
 ^
In file included from syntaxc.lex:2:0:
y.tab.h:16:14: error: expected ‘;’, ‘,’ or ‘)’ before numeric constant
 #define char 272
              ^
lex.yy.c:1578:41: note: in expansion of macro ‘char’
 YY_BUFFER_STATE yy_scan_string (yyconst char * yystr )
                                         ^
lex.yy.c:1591:1: warning: type defaults to ‘int’ in type name [-Wimplicit-int]
 YY_BUFFER_STATE yy_scan_bytes  (yyconst char * yybytes, yy_size_t  _yybytes_len )
 ^
In file included from syntaxc.lex:2:0:
y.tab.h:16:14: error: expected ‘;’, ‘,’ or ‘)’ before numeric constant
 #define char 272
              ^
lex.yy.c:1591:41: note: in expansion of macro ‘char’
 YY_BUFFER_STATE yy_scan_bytes  (yyconst char * yybytes, yy_size_t  _yybytes_len )
                                         ^
y.tab.h:15:14: error: expected identifier or ‘(’ before numeric constant
 #define void 271
              ^
lex.yy.c:1625:8: note: in expansion of macro ‘void’
 static void yy_fatal_error (yyconst char* msg )
        ^
y.tab.h:18:13: error: expected identifier or ‘(’ before numeric constant
 #define int 274
             ^
lex.yy.c:1653:1: note: in expansion of macro ‘int’
 int yyget_lineno  (void)
 ^
y.tab.h:15:14: error: expected declaration specifiers or ‘...’ before numeric constant
 #define void 271
              ^
lex.yy.c:1662:18: note: in expansion of macro ‘void’
 FILE *yyget_in  (void)
                  ^
y.tab.h:15:14: error: expected declaration specifiers or ‘...’ before numeric constant
 #define void 271
              ^
lex.yy.c:1670:19: note: in expansion of macro ‘void’
 FILE *yyget_out  (void)
                   ^
y.tab.h:15:14: error: expected declaration specifiers or ‘...’ before numeric constant
 #define void 271
              ^
lex.yy.c:1678:24: note: in expansion of macro ‘void’
 yy_size_t yyget_leng  (void)
                        ^
y.tab.h:16:14: error: expected identifier or ‘(’ before numeric constant
 #define char 272
              ^
lex.yy.c:1687:1: note: in expansion of macro ‘char’
 char *yyget_text  (void)
 ^
y.tab.h:15:14: error: expected identifier or ‘(’ before numeric constant
 #define void 271
              ^
lex.yy.c:1696:1: note: in expansion of macro ‘void’
 void yyset_lineno (int  _line_number )
 ^
y.tab.h:15:14: error: expected identifier or ‘(’ before numeric constant
 #define void 271
              ^
lex.yy.c:1708:1: note: in expansion of macro ‘void’
 void yyset_in (FILE *  _in_str )
 ^
y.tab.h:15:14: error: expected identifier or ‘(’ before numeric constant
 #define void 271
              ^
lex.yy.c:1713:1: note: in expansion of macro ‘void’
 void yyset_out (FILE *  _out_str )
 ^
y.tab.h:18:13: error: expected identifier or ‘(’ before numeric constant
 #define int 274
             ^
lex.yy.c:1718:1: note: in expansion of macro ‘int’
 int yyget_debug  (void)
 ^
y.tab.h:15:14: error: expected identifier or ‘(’ before numeric constant
 #define void 271
              ^
lex.yy.c:1723:1: note: in expansion of macro ‘void’
 void yyset_debug (int  _bdebug )
 ^
y.tab.h:18:13: error: expected identifier or ‘(’ before numeric constant
 #define int 274
             ^
lex.yy.c:1728:8: note: in expansion of macro ‘int’
 static int yy_init_globals (void)
        ^
y.tab.h:18:13: error: expected identifier or ‘(’ before numeric constant
 #define int 274
             ^
lex.yy.c:1757:1: note: in expansion of macro ‘int’
 int yylex_destroy  (void)
 ^
y.tab.h:15:14: error: expected identifier or ‘(’ before numeric constant
 #define void 271
              ^
lex.yy.c:1803:1: note: in expansion of macro ‘void’
 void *yyalloc (yy_size_t  size )
 ^
y.tab.h:15:14: error: expected identifier or ‘(’ before numeric constant
 #define void 271
              ^
lex.yy.c:1808:1: note: in expansion of macro ‘void’
 void *yyrealloc  (void * ptr, yy_size_t  size )
 ^
y.tab.h:15:14: error: expected identifier or ‘(’ before numeric constant
 #define void 271
              ^
lex.yy.c:1821:1: note: in expansion of macro ‘void’
 void yyfree (void * ptr )
 ^
y.tab.h:18:13: error: expected identifier or ‘(’ before numeric constant
 #define int 274
             ^
syntaxc.lex:36:1: note: in expansion of macro ‘int’
 return 1;
 ^
